2022-08-06 19:25:39.674  INFO 16840 --- [main] com.DockerChallenges.DockerChallenges    : Starting DockerChallenges using Java 11.0.11 on DESKTOP-3G01UKV with PID 16840 (D:\Project\New\DockerChallanges\target\classes started by Karimi in D:\Project\New\DockerChallanges)
2022-08-06 19:25:39.678  INFO 16840 --- [main] com.DockerChallenges.DockerChallenges    : No active profile set, falling back to 1 default profile: "default"
2022-08-06 19:25:40.570  INFO 16840 --- [main] o.s.b.w.embedded.tomcat.TomcatWebServer  : Tomcat initialized with port(s): 8080 (http)
2022-08-06 19:25:40.576  INFO 16840 --- [main] o.apache.catalina.core.StandardService   : Starting service [Tomcat]
2022-08-06 19:25:40.577  INFO 16840 --- [main] org.apache.catalina.core.StandardEngine  : Starting Servlet engine: [Apache Tomcat/9.0.60]
2022-08-06 19:25:40.688  INFO 16840 --- [main] o.a.c.c.C.[Tomcat].[localhost].[/]       : Initializing Spring embedded WebApplicationContext
2022-08-06 19:25:40.688  INFO 16840 --- [main] w.s.c.ServletWebServerApplicationContext : Root WebApplicationContext: initialization completed in 961 ms
2022-08-06 19:25:41.207 DEBUG 16840 --- [main] s.w.s.m.m.a.RequestMappingHandlerAdapter : ControllerAdvice beans: 0 @ModelAttribute, 0 @InitBinder, 1 RequestBodyAdvice, 1 ResponseBodyAdvice
2022-08-06 19:25:41.253 DEBUG 16840 --- [main] s.w.s.m.m.a.RequestMappingHandlerMapping : 5 mappings in 'requestMappingHandlerMapping'
2022-08-06 19:25:41.289 DEBUG 16840 --- [main] o.s.w.s.handler.SimpleUrlHandlerMapping  : Patterns [/webjars/**, /**] in 'resourceHandlerMapping'
2022-08-06 19:25:41.299 DEBUG 16840 --- [main] .m.m.a.ExceptionHandlerExceptionResolver : ControllerAdvice beans: 1 @ExceptionHandler, 1 ResponseBodyAdvice
2022-08-06 19:25:41.478  INFO 16840 --- [main] o.s.b.w.embedded.tomcat.TomcatWebServer  : Tomcat started on port(s): 8080 (http) with context path ''
2022-08-06 19:25:41.489  INFO 16840 --- [main] com.DockerChallenges.DockerChallenges    : Started DockerChallenges in 2.219 seconds (JVM running for 3.589)
2022-08-06 19:25:57.458  INFO 16840 --- [http-nio-8080-exec-2] o.a.c.c.C.[Tomcat].[localhost].[/]       : Initializing Spring DispatcherServlet 'dispatcherServlet'
2022-08-06 19:25:57.461  INFO 16840 --- [http-nio-8080-exec-2] o.s.web.servlet.DispatcherServlet        : Initializing Servlet 'dispatcherServlet'
2022-08-06 19:25:57.462 DEBUG 16840 --- [http-nio-8080-exec-2] o.s.web.servlet.DispatcherServlet        : Detected StandardServletMultipartResolver
2022-08-06 19:25:57.462 DEBUG 16840 --- [http-nio-8080-exec-2] o.s.web.servlet.DispatcherServlet        : Detected AcceptHeaderLocaleResolver
2022-08-06 19:25:57.462 DEBUG 16840 --- [http-nio-8080-exec-2] o.s.web.servlet.DispatcherServlet        : Detected FixedThemeResolver
2022-08-06 19:25:57.464 DEBUG 16840 --- [http-nio-8080-exec-2] o.s.web.servlet.DispatcherServlet        : Detected org.springframework.web.servlet.view.DefaultRequestToViewNameTranslator@a0074e8
2022-08-06 19:25:57.464 DEBUG 16840 --- [http-nio-8080-exec-2] o.s.web.servlet.DispatcherServlet        : Detected org.springframework.web.servlet.support.SessionFlashMapManager@379f3323
2022-08-06 19:25:57.464 DEBUG 16840 --- [http-nio-8080-exec-2] o.s.web.servlet.DispatcherServlet        : enableLoggingRequestDetails='false': request parameters and headers will be masked to prevent unsafe logging of potentially sensitive data
2022-08-06 19:25:57.464  INFO 16840 --- [http-nio-8080-exec-2] o.s.web.servlet.DispatcherServlet        : Completed initialization in 3 ms
2022-08-06 19:25:57.477 DEBUG 16840 --- [http-nio-8080-exec-2] o.s.web.servlet.DispatcherServlet        : POST "/helloworld", parameters={}
2022-08-06 19:25:57.483 DEBUG 16840 --- [http-nio-8080-exec-2] s.w.s.m.m.a.RequestMappingHandlerMapping : Mapped to com.DockerChallenges.controller.HelloController#helloWithName(String)
2022-08-06 19:25:57.494 DEBUG 16840 --- [http-nio-8080-exec-2] o.s.web.method.HandlerMethod             : Could not resolve parameter [0] in public org.springframework.http.ResponseEntity<java.lang.String> com.DockerChallenges.controller.HelloController.helloWithName(java.lang.String): Required request parameter 'name' for method parameter type String is not present
2022-08-06 19:25:57.496  WARN 16840 --- [http-nio-8080-exec-2] .w.s.m.s.DefaultHandlerExceptionResolver : Resolved [org.springframework.web.bind.MissingServletRequestParameterException: Required request parameter 'name' for method parameter type String is not present]
2022-08-06 19:25:57.497 DEBUG 16840 --- [http-nio-8080-exec-2] o.s.web.servlet.DispatcherServlet        : Completed 400 BAD_REQUEST
2022-08-06 19:25:57.499 DEBUG 16840 --- [http-nio-8080-exec-2] o.s.web.servlet.DispatcherServlet        : "ERROR" dispatch for POST "/error", parameters={}
2022-08-06 19:25:57.500 DEBUG 16840 --- [http-nio-8080-exec-2] s.w.s.m.m.a.RequestMappingHandlerMapping : Mapped to org.springframework.boot.autoconfigure.web.servlet.error.BasicErrorController#error(HttpServletRequest)
2022-08-06 19:25:57.513 DEBUG 16840 --- [http-nio-8080-exec-2] o.s.w.s.m.m.a.HttpEntityMethodProcessor  : Using 'application/json', given [*/*] and supported [application/json, application/*+json, application/json, application/*+json]
2022-08-06 19:25:57.514 DEBUG 16840 --- [http-nio-8080-exec-2] o.s.w.s.m.m.a.HttpEntityMethodProcessor  : Writing [{timestamp=Sat Aug 06 19:25:57 IRDT 2022, status=400, error=Bad Request, path=/helloworld}]
2022-08-06 19:25:57.547 DEBUG 16840 --- [http-nio-8080-exec-2] o.s.web.servlet.DispatcherServlet        : Exiting from "ERROR" dispatch, status 400
2022-08-06 19:26:16.160 DEBUG 16840 --- [http-nio-8080-exec-4] o.s.web.servlet.DispatcherServlet        : POST "/helloworld1", parameters={}
2022-08-06 19:26:16.179 DEBUG 16840 --- [http-nio-8080-exec-4] o.s.w.s.handler.SimpleUrlHandlerMapping  : Mapped to ResourceHttpRequestHandler [classpath [META-INF/resources/], classpath [resources/], classpath [static/], classpath [public/], ServletContext [/]]
2022-08-06 19:26:16.182 DEBUG 16840 --- [http-nio-8080-exec-4] o.s.w.s.r.ResourceHttpRequestHandler     : Resource not found
2022-08-06 19:26:16.182 DEBUG 16840 --- [http-nio-8080-exec-4] o.s.web.servlet.DispatcherServlet        : Completed 404 NOT_FOUND
2022-08-06 19:26:16.183 DEBUG 16840 --- [http-nio-8080-exec-4] o.s.web.servlet.DispatcherServlet        : "ERROR" dispatch for POST "/error", parameters={}
2022-08-06 19:26:16.183 DEBUG 16840 --- [http-nio-8080-exec-4] s.w.s.m.m.a.RequestMappingHandlerMapping : Mapped to org.springframework.boot.autoconfigure.web.servlet.error.BasicErrorController#error(HttpServletRequest)
2022-08-06 19:26:16.184 DEBUG 16840 --- [http-nio-8080-exec-4] o.s.w.s.m.m.a.HttpEntityMethodProcessor  : Using 'application/json', given [*/*] and supported [application/json, application/*+json, application/json, application/*+json]
2022-08-06 19:26:16.185 DEBUG 16840 --- [http-nio-8080-exec-4] o.s.w.s.m.m.a.HttpEntityMethodProcessor  : Writing [{timestamp=Sat Aug 06 19:26:16 IRDT 2022, status=404, error=Not Found, path=/helloworld1}]
2022-08-06 19:26:16.186 DEBUG 16840 --- [http-nio-8080-exec-4] o.s.web.servlet.DispatcherServlet        : Exiting from "ERROR" dispatch, status 404
2022-08-06 19:26:29.397 DEBUG 16840 --- [http-nio-8080-exec-5] o.s.web.servlet.DispatcherServlet        : GET "/helloworld", parameters={}
2022-08-06 19:26:29.397 DEBUG 16840 --- [http-nio-8080-exec-5] s.w.s.m.m.a.RequestMappingHandlerMapping : Mapped to com.DockerChallenges.controller.HelloController#helloStranger()
2022-08-06 19:26:29.402  INFO 16840 --- [http-nio-8080-exec-5] c.D.controller.HelloController           : 2022-08-06T19:26:29+04:30
2022-08-06 19:26:29.402 DEBUG 16840 --- [http-nio-8080-exec-5] o.s.w.s.m.m.a.HttpEntityMethodProcessor  : Using 'text/plain', given [*/*] and supported [text/plain, */*, text/plain, */*, application/json, application/*+json, application/json, application/*+json]
2022-08-06 19:26:29.403 DEBUG 16840 --- [http-nio-8080-exec-5] o.s.w.s.m.m.a.HttpEntityMethodProcessor  : Writing ["Hello Stranger"]
2022-08-06 19:26:29.405 DEBUG 16840 --- [http-nio-8080-exec-5] o.s.web.servlet.DispatcherServlet        : Completed 200 OK
